<?xml version="1.0" encoding="UTF-8"?>
<!-- Generated by org.testng.reporters.JUnitReportReporter -->
<testsuite skipped="0" hostname="ASDP1752PO02529" name="com.qainfotech.Assignment_tatoc.Basic" tests="5" failures="0" timestamp="25 Jul 2017 10:31:11 GMT" time="92.971" errors="0">
  <testcase name="gridgate" time="1.749" classname="com.qainfotech.Assignment_tatoc.Basic"/>
  <testcase name="frame_dungeon" time="87.158" classname="com.qainfotech.Assignment_tatoc.Basic"/>
  <testcase name="dragaround" time="2.280" classname="com.qainfotech.Assignment_tatoc.Basic"/>
  <testcase name="launchpopup" time="1.485" classname="com.qainfotech.Assignment_tatoc.Basic"/>
  <testcase name="cookiehandling" time="0.299" classname="com.qainfotech.Assignment_tatoc.Basic"/>
</testsuite> <!-- com.qainfotech.Assignment_tatoc.Basic -->
